0 info it worked if it ends with ok
1 verbose cli [ '/home/esclapes/.nvm/versions/node/v4.1.1/bin/node',
1 verbose cli   '/home/esclapes/.nvm/versions/node/v4.1.1/bin/npm',
1 verbose cli   'run',
1 verbose cli   'styles' ]
2 info using npm@2.14.4
3 info using node@v4.1.1
4 verbose run-script [ 'prestyles', 'styles', 'poststyles' ]
5 info prestyles opcions.github.io@1.0.0
6 info styles opcions.github.io@1.0.0
7 verbose unsafe-perm in lifecycle true
8 info opcions.github.io@1.0.0 Failed to exec styles script
9 verbose stack Error: opcions.github.io@1.0.0 styles: `node-sass -o source/css --include-path --include-path app/_sass/_partials node_modules/fundation-sites/scss --source-map true app/_sass`
9 verbose stack Exit status 1
9 verbose stack     at EventEmitter.<anonymous> (/home/esclapes/.nvm/versions/node/v4.1.1/lib/node_modules/npm/lib/utils/lifecycle.js:214:16)
9 verbose stack     at emitTwo (events.js:87:13)
9 verbose stack     at EventEmitter.emit (events.js:172:7)
9 verbose stack     at ChildProcess.<anonymous> (/home/esclapes/.nvm/versions/node/v4.1.1/lib/node_modules/npm/lib/utils/spawn.js:24:14)
9 verbose stack     at emitTwo (events.js:87:13)
9 verbose stack     at ChildProcess.emit (events.js:172:7)
9 verbose stack     at maybeClose (internal/child_process.js:817:16)
9 verbose stack     at Process.ChildProcess._handle.onexit (internal/child_process.js:211:5)
10 verbose pkgid opcions.github.io@1.0.0
11 verbose cwd /home/esclapes/Code/opcions/opcions.github.io
12 error Linux 3.13.0-68-generic
13 error argv "/home/esclapes/.nvm/versions/node/v4.1.1/bin/node" "/home/esclapes/.nvm/versions/node/v4.1.1/bin/npm" "run" "styles"
14 error node v4.1.1
15 error npm  v2.14.4
16 error code ELIFECYCLE
17 error opcions.github.io@1.0.0 styles: `node-sass -o source/css --include-path --include-path app/_sass/_partials node_modules/fundation-sites/scss --source-map true app/_sass`
17 error Exit status 1
18 error Failed at the opcions.github.io@1.0.0 styles script 'node-sass -o source/css --include-path --include-path app/_sass/_partials node_modules/fundation-sites/scss --source-map true app/_sass'.
18 error This is most likely a problem with the opcions.github.io package,
18 error not with npm itself.
18 error Tell the author that this fails on your system:
18 error     node-sass -o source/css --include-path --include-path app/_sass/_partials node_modules/fundation-sites/scss --source-map true app/_sass
18 error You can get their info via:
18 error     npm owner ls opcions.github.io
18 error There is likely additional logging output above.
19 verbose exit [ 1, true ]
